This is pdfTeX, Version 3.1415926-2.5-1.40.14 (MiKTeX 2.9) (preloaded format=pdflatex 2015.2.7)  16 FEB 2015 21:05
entering extended mode
**C:/Users/Benson/Desktop/Math*Mentorship/Latex/BG-PH_Tiling01.tex
("C:/Users/Benson/Desktop/Math Mentorship/Latex/BG-PH_Tiling01.tex"
LaTeX2e <2011/06/27>
Babel <v3.8m> and hyphenation patterns for english, afrikaans, ancientgreek, ar
abic, armenian, assamese, basque, bengali, bokmal, bulgarian, catalan, coptic, 
croatian, czech, danish, dutch, esperanto, estonian, farsi, finnish, french, ga
lician, german, german-x-2013-05-26, greek, gujarati, hindi, hungarian, iceland
ic, indonesian, interlingua, irish, italian, kannada, kurmanji, latin, latvian,
 lithuanian, malayalam, marathi, mongolian, mongolianlmc, monogreek, ngerman, n
german-x-2013-05-26, nynorsk, oriya, panjabi, pinyin, polish, portuguese, roman
ian, russian, sanskrit, serbian, slovak, slovenian, spanish, swedish, swissgerm
an, tamil, telugu, turkish, turkmen, ukenglish, ukrainian, uppersorbian, usengl
ishmax, welsh, loaded.
("C:\Users\Benson\Desktop\Math Mentorship\MikTex\tex\latex\base\article.cls"
Document Class: article 2007/10/19 v1.4h Standard LaTeX document class
("C:\Users\Benson\Desktop\Math Mentorship\MikTex\tex\latex\base\size11.clo"
File: size11.clo 2007/10/19 v1.4h Standard LaTeX file (size option)
)
\c@part=\count79
\c@section=\count80
\c@subsection=\count81
\c@subsubsection=\count82
\c@paragraph=\count83
\c@subparagraph=\count84
\c@figure=\count85
\c@table=\count86
\abovecaptionskip=\skip41
\belowcaptionskip=\skip42
\bibindent=\dimen102
)
("C:\Users\Benson\Desktop\Math Mentorship\MikTex\tex\latex\base\latexsym.sty"
Package: latexsym 1998/08/17 v2.2e Standard LaTeX package (lasy symbols)
\symlasy=\mathgroup4
LaTeX Font Info:    Overwriting symbol font `lasy' in version `bold'
(Font)                  U/lasy/m/n --> U/lasy/b/n on input line 47.
)
("C:\Users\Benson\Desktop\Math Mentorship\MikTex\tex\latex\amsfonts\amssymb.sty
"
Package: amssymb 2013/01/14 v3.01 AMS font symbols

("C:\Users\Benson\Desktop\Math Mentorship\MikTex\tex\latex\amsfonts\amsfonts.st
y"
Package: amsfonts 2013/01/14 v3.01 Basic AMSFonts support
\@emptytoks=\toks14
\symAMSa=\mathgroup5
\symAMSb=\mathgroup6
LaTeX Font Info:    Overwriting math alphabet `\mathfrak' in version `bold'
(Font)                  U/euf/m/n --> U/euf/b/n on input line 106.
))
("C:\Users\Benson\Desktop\Math Mentorship\MikTex\tex\latex\amsmath\amsmath.sty"
Package: amsmath 2013/01/14 v2.14 AMS math features
\@mathmargin=\skip43
For additional information on amsmath, use the `?' option.
("C:\Users\Benson\Desktop\Math Mentorship\MikTex\tex\latex\amsmath\amstext.sty"
Package: amstext 2000/06/29 v2.01
("C:\Users\Benson\Desktop\Math Mentorship\MikTex\tex\latex\amsmath\amsgen.sty"
File: amsgen.sty 1999/11/30 v2.0
\@emptytoks=\toks15
\ex@=\dimen103
)) ("C:\Users\Benson\Desktop\Math Mentorship\MikTex\tex\latex\amsmath\amsbsy.st
y"
Package: amsbsy 1999/11/29 v1.2d
\pmbraise@=\dimen104
) ("C:\Users\Benson\Desktop\Math Mentorship\MikTex\tex\latex\amsmath\amsopn.sty
"
Package: amsopn 1999/12/14 v2.01 operator names
)
\inf@bad=\count87
LaTeX Info: Redefining \frac on input line 210.
\uproot@=\count88
\leftroot@=\count89
LaTeX Info: Redefining \overline on input line 306.
\classnum@=\count90
\DOTSCASE@=\count91
LaTeX Info: Redefining \ldots on input line 378.
LaTeX Info: Redefining \dots on input line 381.
LaTeX Info: Redefining \cdots on input line 466.
\Mathstrutbox@=\box26
\strutbox@=\box27
\big@size=\dimen105
LaTeX Font Info:    Redeclaring font encoding OML on input line 566.
LaTeX Font Info:    Redeclaring font encoding OMS on input line 567.
\macc@depth=\count92
\c@MaxMatrixCols=\count93
\dotsspace@=\muskip10
\c@parentequation=\count94
\dspbrk@lvl=\count95
\tag@help=\toks16
\row@=\count96
\column@=\count97
\maxfields@=\count98
\andhelp@=\toks17
\eqnshift@=\dimen106
\alignsep@=\dimen107
\tagshift@=\dimen108
\tagwidth@=\dimen109
\totwidth@=\dimen110
\lineht@=\dimen111
\@envbody=\toks18
\multlinegap=\skip44
\multlinetaggap=\skip45
\mathdisplay@stack=\toks19
LaTeX Info: Redefining \[ on input line 2665.
LaTeX Info: Redefining \] on input line 2666.
)
("C:\Users\Benson\Desktop\Math Mentorship\MikTex\tex\latex\amscls\amsthm.sty"
Package: amsthm 2004/08/06 v2.20
\thm@style=\toks20
\thm@bodyfont=\toks21
\thm@headfont=\toks22
\thm@notefont=\toks23
\thm@headpunct=\toks24
\thm@preskip=\skip46
\thm@postskip=\skip47
\thm@headsep=\skip48
\dth@everypar=\toks25
)
("C:\Users\Benson\Desktop\Math Mentorship\MikTex\tex\generic\xypic\xy.sty"
("C:\Users\Benson\Desktop\Math Mentorship\MikTex\tex\generic\xypic\xy.tex"
Bootstrap'ing: catcodes, docmode,
("C:\Users\Benson\Desktop\Math Mentorship\MikTex\tex\generic\xypic\xyrecat.tex"
)
("C:\Users\Benson\Desktop\Math Mentorship\MikTex\tex\generic\xypic\xyidioms.tex
")

 Xy-pic version 3.8.9 <2013/10/06>
 Copyright (c) 1991-2013 by Kristoffer H. Rose <krisrose@tug.org> and others
 Xy-pic is free software: see the User's Guide for details.

Loading kernel: messages; fonts; allocations: state,
\X@c=\dimen112
\Y@c=\dimen113
\U@c=\dimen114
\D@c=\dimen115
\L@c=\dimen116
\R@c=\dimen117
\Edge@c=\toks26
\X@p=\dimen118
\Y@p=\dimen119
\U@p=\dimen120
\D@p=\dimen121
\L@p=\dimen122
\R@p=\dimen123
\Edge@p=\toks27
\X@origin=\dimen124
\Y@origin=\dimen125
\X@xbase=\dimen126
\Y@xbase=\dimen127
\X@ybase=\dimen128
\Y@ybase=\dimen129
\X@min=\dimen130
\Y@min=\dimen131
\X@max=\dimen132
\Y@max=\dimen133
\lastobjectbox@=\box28
\zerodotbox@=\box29
\almostz@=\dimen134
 direction,
\d@X=\dimen135
\d@Y=\dimen136
\K@=\count99
\KK@=\count100
\Direction=\count101
\K@dXdY=\dimen137
\K@dYdX=\dimen138
\xyread@=\read1
\xywrite@=\write3
\csp@=\count102
\quotPTK@=\dimen139

utility macros; pictures: \xy, positions,
\swaptoks@@=\toks28
\connectobjectbox@@=\box30
 objects,
\styletoks@=\toks29
 decorations;
kernel objects: directionals, circles, text; options; algorithms: directions,
edges, connections;  Xy-pic loaded)
("C:\Users\Benson\Desktop\Math Mentorship\MikTex\tex\generic\oberdiek\ifpdf.sty
"
Package: ifpdf 2011/01/30 v2.3 Provides the ifpdf switch (HO)
Package ifpdf Info: pdfTeX in PDF mode is detected.
)
Package: xy 2013/10/06 Xy-pic version 3.8.9
 ("C:\Users\Benson\Desktop\Math Mentorship\MikTex\tex\generic\xypic\xyall.tex" 
 Xy-pic option: All features v.3.8
("C:\Users\Benson\Desktop\Math Mentorship\MikTex\tex\generic\xypic\xycurve.tex"
 Xy-pic option: Curve and Spline extension v.3.12 curve,
\crv@cnt@=\count103
\crvpts@=\toks30
\splinebox@=\box31
\splineval@=\dimen140
\splinedepth@=\dimen141
\splinetol@=\dimen142
\splinelength@=\dimen143
 circles,
\L@=\dimen144
 loaded)
("C:\Users\Benson\Desktop\Math Mentorship\MikTex\tex\generic\xypic\xyframe.tex"
 Xy-pic option: Frame and Bracket extension v.3.14 loaded)
("C:\Users\Benson\Desktop\Math Mentorship\MikTex\tex\generic\xypic\xycmtip.tex"
 Xy-pic option: Computer Modern tip extension v.3.7
("C:\Users\Benson\Desktop\Math Mentorship\MikTex\tex\generic\xypic\xytips.tex"
 Xy-pic option: More Tips extension v.3.11 loaded) loaded)
("C:\Users\Benson\Desktop\Math Mentorship\MikTex\tex\generic\xypic\xyline.tex"
 Xy-pic option: Line styles extension v.3.10
\xylinethick@=\dimen145
 loaded)
("C:\Users\Benson\Desktop\Math Mentorship\MikTex\tex\generic\xypic\xyrotate.tex
"  Xy-pic option: Rotate and Scale extension v.3.8 loaded)
("C:\Users\Benson\Desktop\Math Mentorship\MikTex\tex\generic\xypic\xycolor.tex"
 Xy-pic option: Colour extension v.3.11 loaded)
("C:\Users\Benson\Desktop\Math Mentorship\MikTex\tex\generic\xypic\xymatrix.tex
"  Xy-pic option: Matrix feature v.3.14
\Row=\count104
\Col=\count105
\queue@=\toks31
\queue@@=\toks32
\qcount@=\count106
\qcount@@=\count107
\matrixsize@=\count108
 loaded)
("C:\Users\Benson\Desktop\Math Mentorship\MikTex\tex\generic\xypic\xyarrow.tex"
 Xy-pic option: Arrow and Path feature v.3.9 path, \ar, loaded)
("C:\Users\Benson\Desktop\Math Mentorship\MikTex\tex\generic\xypic\xygraph.tex"
 Xy-pic option: Graph feature v.3.11 loaded) loaded)
("C:\Users\Benson\Desktop\Math Mentorship\MikTex\tex\generic\xypic\xypdf.tex"
 Xy-pic option: PDF driver v.1.7 Xy-pic pdf driver: `color' extension support
("C:\Users\Benson\Desktop\Math Mentorship\MikTex\tex\generic\xypic\xypdf-co.tex
" loaded) Xy-pic pdf driver: `curve' extension support
("C:\Users\Benson\Desktop\Math Mentorship\MikTex\tex\generic\xypic\xypdf-cu.tex
" loaded) Xy-pic pdf driver: `frame' extension support
("C:\Users\Benson\Desktop\Math Mentorship\MikTex\tex\generic\xypic\xypdf-fr.tex
" loaded) Xy-pic pdf driver: `line' extension support
("C:\Users\Benson\Desktop\Math Mentorship\MikTex\tex\generic\xypic\xypdf-li.tex
" loaded) Xy-pic pdf driver: `rotate' extension support
("C:\Users\Benson\Desktop\Math Mentorship\MikTex\tex\generic\xypic\xypdf-ro.tex
" loaded) loaded))
("C:\Users\Benson\Desktop\Math Mentorship\MikTex\tex\latex\graphics\graphics.st
y"
Package: graphics 2009/02/05 v1.0o Standard LaTeX Graphics (DPC,SPQR)
 ("C:\Users\Benson\Desktop\Math Mentorship\MikTex\tex\latex\graphics\trig.sty"
Package: trig 1999/03/16 v1.09 sin cos tan (DPC)
)
("C:\Users\Benson\Desktop\Math Mentorship\MikTex\tex\latex\00miktex\graphics.cf
g"
File: graphics.cfg 2007/01/18 v1.5 graphics configuration of teTeX/TeXLive
)
Package graphics Info: Driver file: pdftex.def on input line 91.

("C:\Users\Benson\Desktop\Math Mentorship\MikTex\tex\latex\pdftex-def\pdftex.de
f"
File: pdftex.def 2011/05/27 v0.06d Graphics/color for pdfTeX

("C:\Users\Benson\Desktop\Math Mentorship\MikTex\tex\generic\oberdiek\infwarerr
.sty"
Package: infwarerr 2010/04/08 v1.3 Providing info/warning/error messages (HO)
)
("C:\Users\Benson\Desktop\Math Mentorship\MikTex\tex\generic\oberdiek\ltxcmds.s
ty"
Package: ltxcmds 2011/11/09 v1.22 LaTeX kernel commands for general use (HO)
)
\Gread@gobject=\count109
))
("C:\Users\Benson\Desktop\Math Mentorship\MikTex\tex\latex\graphics\graphicx.st
y"
Package: graphicx 1999/02/16 v1.0f Enhanced LaTeX Graphics (DPC,SPQR)

("C:\Users\Benson\Desktop\Math Mentorship\MikTex\tex\latex\graphics\keyval.sty"
Package: keyval 1999/03/16 v1.13 key=value parser (DPC)
\KV@toks@=\toks33
)
\Gin@req@height=\dimen146
\Gin@req@width=\dimen147
)
\c@thm=\count110
\c@eg=\count111
 ("C:\Users\Benson\Desktop\Math Mentorship\Latex\BG-PH_Tiling01.aux")
LaTeX Font Info:    Checking defaults for OML/cmm/m/it on input line 36.
LaTeX Font Info:    ... okay on input line 36.
LaTeX Font Info:    Checking defaults for T1/cmr/m/n on input line 36.
LaTeX Font Info:    ... okay on input line 36.
LaTeX Font Info:    Checking defaults for OT1/cmr/m/n on input line 36.
LaTeX Font Info:    ... okay on input line 36.
LaTeX Font Info:    Checking defaults for OMS/cmsy/m/n on input line 36.
LaTeX Font Info:    ... okay on input line 36.
LaTeX Font Info:    Checking defaults for OMX/cmex/m/n on input line 36.
LaTeX Font Info:    ... okay on input line 36.
LaTeX Font Info:    Checking defaults for U/cmr/m/n on input line 36.
LaTeX Font Info:    ... okay on input line 36.
LaTeX Font Info:    Try loading font information for U+lasy on input line 36.

("C:\Users\Benson\Desktop\Math Mentorship\MikTex\tex\latex\base\ulasy.fd"
File: ulasy.fd 1998/08/17 v2.2e LaTeX symbol font definitions
)
LaTeX Font Info:    Try loading font information for U+msa on input line 36.

("C:\Users\Benson\Desktop\Math Mentorship\MikTex\tex\latex\amsfonts\umsa.fd"
File: umsa.fd 2013/01/14 v3.01 AMS symbols A
)
LaTeX Font Info:    Try loading font information for U+msb on input line 36.

("C:\Users\Benson\Desktop\Math Mentorship\MikTex\tex\latex\amsfonts\umsb.fd"
File: umsb.fd 2013/01/14 v3.01 AMS symbols B
)
Package xypdf Info: Line width: 0.43799pt on input line 36.

("C:\Users\Benson\Desktop\Math Mentorship\MikTex\tex\context\base\supp-pdf.mkii
"
[Loading MPS to PDF converter (version 2006.09.02).]
\scratchcounter=\count112
\scratchdimen=\dimen148
\scratchbox=\box32
\nofMPsegments=\count113
\nofMParguments=\count114
\everyMPshowfont=\toks34
\MPscratchCnt=\count115
\MPscratchDim=\dimen149
\MPnumerator=\count116
\makeMPintoPDFobject=\count117
\everyMPtoPDFconversion=\toks35
) [1

{C:/Users/Benson/AppData/Local/MiKTeX/2.9/pdftex/config/pdftex.map}]
[2] [3] [4] [5]
("C:\Users\Benson\Desktop\Math Mentorship\Latex\BG-PH_Tiling01.bbl") [6]
("C:\Users\Benson\Desktop\Math Mentorship\Latex\BG-PH_Tiling01.aux") ) 
Here is how much of TeX's memory you used:
 4832 strings out of 493921
 61222 string characters out of 3139661
 166165 words of memory out of 3000000
 8038 multiletter control sequences out of 15000+200000
 16242 words of font info for 70 fonts, out of 3000000 for 9000
 841 hyphenation exceptions out of 8191
 27i,6n,26p,3292b,201s stack positions out of 5000i,500n,10000p,200000b,50000s
<C:/Users
/Benson/Desktop/Math Mentorship/MikTex/fonts/type1/public/amsfonts/cm/cmbx10.pf
b><C:/Users/Benson/Desktop/Math Mentorship/MikTex/fonts/type1/public/amsfonts/c
m/cmbx12.pfb><C:/Users/Benson/Desktop/Math Mentorship/MikTex/fonts/type1/public
/amsfonts/cm/cmex10.pfb><C:/Users/Benson/Desktop/Math Mentorship/MikTex/fonts/t
ype1/public/amsfonts/cm/cmmi10.pfb><C:/Users/Benson/Desktop/Math Mentorship/Mik
Tex/fonts/type1/public/amsfonts/cm/cmmi6.pfb><C:/Users/Benson/Desktop/Math Ment
orship/MikTex/fonts/type1/public/amsfonts/cm/cmmi7.pfb><C:/Users/Benson/Desktop
/Math Mentorship/MikTex/fonts/type1/public/amsfonts/cm/cmmi8.pfb><C:/Users/Bens
on/Desktop/Math Mentorship/MikTex/fonts/type1/public/amsfonts/cm/cmr10.pfb><C:/
Users/Benson/Desktop/Math Mentorship/MikTex/fonts/type1/public/amsfonts/cm/cmr1
2.pfb><C:/Users/Benson/Desktop/Math Mentorship/MikTex/fonts/type1/public/amsfon
ts/cm/cmr17.pfb><C:/Users/Benson/Desktop/Math Mentorship/MikTex/fonts/type1/pub
lic/amsfonts/cm/cmr6.pfb><C:/Users/Benson/Desktop/Math Mentorship/MikTex/fonts/
type1/public/amsfonts/cm/cmr7.pfb><C:/Users/Benson/Desktop/Math Mentorship/MikT
ex/fonts/type1/public/amsfonts/cm/cmr8.pfb><C:/Users/Benson/Desktop/Math Mentor
ship/MikTex/fonts/type1/public/amsfonts/cm/cmsy10.pfb><C:/Users/Benson/Desktop/
Math Mentorship/MikTex/fonts/type1/public/amsfonts/cm/cmsy8.pfb><C:/Users/Benso
n/Desktop/Math Mentorship/MikTex/fonts/type1/public/amsfonts/cm/cmti10.pfb><C:/
Users/Benson/Desktop/Math Mentorship/MikTex/fonts/type1/public/amsfonts/symbols
/msbm10.pfb>
Output written on BG-PH_Tiling01.pdf (6 pages, 197394 bytes).
PDF statistics:
 89 PDF objects out of 1000 (max. 8388607)
 0 named destinations out of 1000 (max. 500000)
 1 words of extra memory for PDF output out of 10000 (max. 10000000)

